<?xml version="1.0" encoding="UTF-8"?>
<!-- Generated by org.testng.reporters.JUnitReportReporter -->
<testsuite hostname="DESKTOP-M9BBSA7" failures="0" tests="1" name="firstjenkins.jenkinsDemo.Demo" time="48.975" errors="0" timestamp="2023-01-13T12:22:14 IST" skipped="0">
  <testcase classname="firstjenkins.jenkinsDemo.Demo" name="testDemo" time="48.975"/>
  <system-out/>
</testsuite> <!-- firstjenkins.jenkinsDemo.Demo -->
